============================================================
⛔ [VPS EXECUTION BLOCKED]
Theo nguyên tắc hệ thống, tiến trình cào chỉ được phép chạy 100% trên GitHub Cloud (GitHub Actions).
Tiến trình trên VPS đã bị chặn để không tốn CPU/RAM/băng thông VPS.
Vui lòng kích hoạt cào trên GitHub Actions Cloud hoặc chờ lịch tự động.
============================================================
============================================================
⛔ [VPS EXECUTION BLOCKED]
Theo nguyên tắc hệ thống, tiến trình cào chỉ được phép chạy 100% trên GitHub Cloud (GitHub Actions).
Tiến trình trên VPS đã bị chặn để không tốn CPU/RAM/băng thông VPS.
Vui lòng kích hoạt cào trên GitHub Actions Cloud hoặc chờ lịch tự động.
============================================================
============================================================
⛔ [VPS EXECUTION BLOCKED]
Theo nguyên tắc hệ thống, tiến trình cào chỉ được phép chạy 100% trên GitHub Cloud (GitHub Actions).
Tiến trình trên VPS đã bị chặn để không tốn CPU/RAM/băng thông VPS.
Vui lòng kích hoạt cào trên GitHub Actions Cloud hoặc chờ lịch tự động.
============================================================
============================================================
⛔ [VPS EXECUTION BLOCKED]
Theo nguyên tắc hệ thống, tiến trình cào chỉ được phép chạy 100% trên GitHub Cloud (GitHub Actions).
Tiến trình trên VPS đã bị chặn để không tốn CPU/RAM/băng thông VPS.
Vui lòng kích hoạt cào trên GitHub Actions Cloud hoặc chờ lịch tự động.
============================================================
============================================================
⛔ [VPS EXECUTION BLOCKED]
Theo nguyên tắc hệ thống, tiến trình cào chỉ được phép chạy 100% trên GitHub Cloud (GitHub Actions).
Tiến trình trên VPS đã bị chặn để không tốn CPU/RAM/băng thông VPS.
Vui lòng kích hoạt cào trên GitHub Actions Cloud hoặc chờ lịch tự động.
============================================================
============================================================
⛔ [VPS EXECUTION BLOCKED]
Theo nguyên tắc hệ thống, tiến trình cào chỉ được phép chạy 100% trên GitHub Cloud (GitHub Actions).
Tiến trình trên VPS đã bị chặn để không tốn CPU/RAM/băng thông VPS.
Vui lòng kích hoạt cào trên GitHub Actions Cloud hoặc chờ lịch tự động.
============================================================
============================================================
⛔ [VPS EXECUTION BLOCKED]
Theo nguyên tắc hệ thống, tiến trình cào chỉ được phép chạy 100% trên GitHub Cloud (GitHub Actions).
Tiến trình trên VPS đã bị chặn để không tốn CPU/RAM/băng thông VPS.
Vui lòng kích hoạt cào trên GitHub Actions Cloud hoặc chờ lịch tự động.
============================================================
============================================================
⛔ [VPS EXECUTION BLOCKED]
Theo nguyên tắc hệ thống, tiến trình cào chỉ được phép chạy 100% trên GitHub Cloud (GitHub Actions).
Tiến trình trên VPS đã bị chặn để không tốn CPU/RAM/băng thông VPS.
Vui lòng kích hoạt cào trên GitHub Actions Cloud hoặc chờ lịch tự động.
============================================================
============================================================
⛔ [VPS EXECUTION BLOCKED]
Theo nguyên tắc hệ thống, tiến trình cào chỉ được phép chạy 100% trên GitHub Cloud (GitHub Actions).
Tiến trình trên VPS đã bị chặn để không tốn CPU/RAM/băng thông VPS.
Vui lòng kích hoạt cào trên GitHub Actions Cloud hoặc chờ lịch tự động.
============================================================
============================================================
⛔ [VPS EXECUTION BLOCKED]
Theo nguyên tắc hệ thống, tiến trình cào chỉ được phép chạy 100% trên GitHub Cloud (GitHub Actions).
Tiến trình trên VPS đã bị chặn để không tốn CPU/RAM/băng thông VPS.
Vui lòng kích hoạt cào trên GitHub Actions Cloud hoặc chờ lịch tự động.
============================================================
============================================================
⛔ [VPS EXECUTION BLOCKED]
Theo nguyên tắc hệ thống, tiến trình cào chỉ được phép chạy 100% trên GitHub Cloud (GitHub Actions).
Tiến trình trên VPS đã bị chặn để không tốn CPU/RAM/băng thông VPS.
Vui lòng kích hoạt cào trên GitHub Actions Cloud hoặc chờ lịch tự động.
============================================================
============================================================
⛔ [VPS EXECUTION BLOCKED]
Theo nguyên tắc hệ thống, tiến trình cào chỉ được phép chạy 100% trên GitHub Cloud (GitHub Actions).
Tiến trình trên VPS đã bị chặn để không tốn CPU/RAM/băng thông VPS.
Vui lòng kích hoạt cào trên GitHub Actions Cloud hoặc chờ lịch tự động.
============================================================
============================================================
⛔ [VPS EXECUTION BLOCKED]
Theo nguyên tắc hệ thống, tiến trình cào chỉ được phép chạy 100% trên GitHub Cloud (GitHub Actions).
Tiến trình trên VPS đã bị chặn để không tốn CPU/RAM/băng thông VPS.
Vui lòng kích hoạt cào trên GitHub Actions Cloud hoặc chờ lịch tự động.
============================================================
============================================================
⛔ [VPS EXECUTION BLOCKED]
Theo nguyên tắc hệ thống, tiến trình cào chỉ được phép chạy 100% trên GitHub Cloud (GitHub Actions).
Tiến trình trên VPS đã bị chặn để không tốn CPU/RAM/băng thông VPS.
Vui lòng kích hoạt cào trên GitHub Actions Cloud hoặc chờ lịch tự động.
============================================================
============================================================
⛔ [VPS EXECUTION BLOCKED]
Theo nguyên tắc hệ thống, tiến trình cào chỉ được phép chạy 100% trên GitHub Cloud (GitHub Actions).
Tiến trình trên VPS đã bị chặn để không tốn CPU/RAM/băng thông VPS.
Vui lòng kích hoạt cào trên GitHub Actions Cloud hoặc chờ lịch tự động.
============================================================
============================================================
⛔ [VPS EXECUTION BLOCKED]
Theo nguyên tắc hệ thống, tiến trình cào chỉ được phép chạy 100% trên GitHub Cloud (GitHub Actions).
Tiến trình trên VPS đã bị chặn để không tốn CPU/RAM/băng thông VPS.
Vui lòng kích hoạt cào trên GitHub Actions Cloud hoặc chờ lịch tự động.
============================================================
============================================================
⛔ [VPS EXECUTION BLOCKED]
Theo nguyên tắc hệ thống, tiến trình cào chỉ được phép chạy 100% trên GitHub Cloud (GitHub Actions).
Tiến trình trên VPS đã bị chặn để không tốn CPU/RAM/băng thông VPS.
Vui lòng kích hoạt cào trên GitHub Actions Cloud hoặc chờ lịch tự động.
============================================================
============================================================
⛔ [VPS EXECUTION BLOCKED]
Theo nguyên tắc hệ thống, tiến trình cào chỉ được phép chạy 100% trên GitHub Cloud (GitHub Actions).
Tiến trình trên VPS đã bị chặn để không tốn CPU/RAM/băng thông VPS.
Vui lòng kích hoạt cào trên GitHub Actions Cloud hoặc chờ lịch tự động.
============================================================
============================================================
⛔ [VPS EXECUTION BLOCKED]
Theo nguyên tắc hệ thống, tiến trình cào chỉ được phép chạy 100% trên GitHub Cloud (GitHub Actions).
Tiến trình trên VPS đã bị chặn để không tốn CPU/RAM/băng thông VPS.
Vui lòng kích hoạt cào trên GitHub Actions Cloud hoặc chờ lịch tự động.
============================================================
============================================================
⛔ [VPS EXECUTION BLOCKED]
Theo nguyên tắc hệ thống, tiến trình cào chỉ được phép chạy 100% trên GitHub Cloud (GitHub Actions).
Tiến trình trên VPS đã bị chặn để không tốn CPU/RAM/băng thông VPS.
Vui lòng kích hoạt cào trên GitHub Actions Cloud hoặc chờ lịch tự động.
============================================================
============================================================
⛔ [VPS EXECUTION BLOCKED]
Theo nguyên tắc hệ thống, tiến trình cào chỉ được phép chạy 100% trên GitHub Cloud (GitHub Actions).
Tiến trình trên VPS đã bị chặn để không tốn CPU/RAM/băng thông VPS.
Vui lòng kích hoạt cào trên GitHub Actions Cloud hoặc chờ lịch tự động.
============================================================
============================================================
⛔ [VPS EXECUTION BLOCKED]
Theo nguyên tắc hệ thống, tiến trình cào chỉ được phép chạy 100% trên GitHub Cloud (GitHub Actions).
Tiến trình trên VPS đã bị chặn để không tốn CPU/RAM/băng thông VPS.
Vui lòng kích hoạt cào trên GitHub Actions Cloud hoặc chờ lịch tự động.
============================================================
============================================================
⛔ [VPS EXECUTION BLOCKED]
Theo nguyên tắc hệ thống, tiến trình cào chỉ được phép chạy 100% trên GitHub Cloud (GitHub Actions).
Tiến trình trên VPS đã bị chặn để không tốn CPU/RAM/băng thông VPS.
Vui lòng kích hoạt cào trên GitHub Actions Cloud hoặc chờ lịch tự động.
============================================================
============================================================
⛔ [VPS EXECUTION BLOCKED]
Theo nguyên tắc hệ thống, tiến trình cào chỉ được phép chạy 100% trên GitHub Cloud (GitHub Actions).
Tiến trình trên VPS đã bị chặn để không tốn CPU/RAM/băng thông VPS.
Vui lòng kích hoạt cào trên GitHub Actions Cloud hoặc chờ lịch tự động.
============================================================
============================================================
⛔ [VPS EXECUTION BLOCKED]
Theo nguyên tắc hệ thống, tiến trình cào chỉ được phép chạy 100% trên GitHub Cloud (GitHub Actions).
Tiến trình trên VPS đã bị chặn để không tốn CPU/RAM/băng thông VPS.
Vui lòng kích hoạt cào trên GitHub Actions Cloud hoặc chờ lịch tự động.
============================================================
============================================================
⛔ [VPS EXECUTION BLOCKED]
Theo nguyên tắc hệ thống, tiến trình cào chỉ được phép chạy 100% trên GitHub Cloud (GitHub Actions).
Tiến trình trên VPS đã bị chặn để không tốn CPU/RAM/băng thông VPS.
Vui lòng kích hoạt cào trên GitHub Actions Cloud hoặc chờ lịch tự động.
============================================================
