============================================================
🔄 O9O.NET 2-3 MINUTE WATCHDOG & CONTINUOUS SCRAPER RUNNER
============================================================
🤖 Telegram Bot listener is not running. Launching listener daemon...
🚀 Started Telegram Bot Listener daemon with PID: 515663
⚡ Streamer process is not running or has stalled. Launching new continuous stream worker...
🚀 Started continuous stream worker with PID: 515665
✅ HTML Player updated with latest GDrive data.
✅ Paperclip Dashboard live progress synced.
============================================================
🔄 O9O.NET 2-3 MINUTE WATCHDOG & CONTINUOUS SCRAPER RUNNER
============================================================
⚡ Streamer process is not running or has stalled. Launching new continuous stream worker...
🚀 Started continuous stream worker with PID: 529225
✅ HTML Player updated with latest GDrive data.
✅ Paperclip Dashboard live progress synced.
============================================================
🔄 O9O.NET 2-3 MINUTE WATCHDOG & CONTINUOUS SCRAPER RUNNER
============================================================
⚡ Streamer process is not running or has stalled. Launching new continuous stream worker...
🚀 Started continuous stream worker with PID: 542957
✅ HTML Player updated with latest GDrive data.
✅ Paperclip Dashboard live progress synced.
============================================================
🔄 O9O.NET 2-3 MINUTE WATCHDOG & CONTINUOUS SCRAPER RUNNER
============================================================
⚡ Streamer process is not running or has stalled. Launching new continuous stream worker...
🚀 Started continuous stream worker with PID: 556697
✅ HTML Player updated with latest GDrive data.
✅ Paperclip Dashboard live progress synced.
============================================================
🔄 O9O.NET 2-3 MINUTE WATCHDOG & CONTINUOUS SCRAPER RUNNER
============================================================
🤖 Telegram Bot listener is not running. Launching listener daemon...
🚀 Started Telegram Bot Listener daemon with PID: 570664
⚡ Streamer process is not running or has stalled. Launching new continuous stream worker...
🚀 Started continuous stream worker with PID: 570666
✅ HTML Player updated with latest GDrive data.
✅ Paperclip Dashboard live progress synced.
============================================================
🔄 O9O.NET 2-3 MINUTE WATCHDOG & CONTINUOUS SCRAPER RUNNER
============================================================
⚡ Streamer process is not running or has stalled. Launching new continuous stream worker...
🚀 Started continuous stream worker with PID: 584123
✅ HTML Player updated with latest GDrive data.
✅ Paperclip Dashboard live progress synced.
============================================================
🔄 O9O.NET 2-3 MINUTE WATCHDOG & CONTINUOUS SCRAPER RUNNER
============================================================
⚡ Streamer process is not running or has stalled. Launching new continuous stream worker...
🚀 Started continuous stream worker with PID: 597841
✅ HTML Player updated with latest GDrive data.
✅ Paperclip Dashboard live progress synced.
============================================================
🔄 O9O.NET 2-3 MINUTE WATCHDOG & CONTINUOUS SCRAPER RUNNER
============================================================
⚡ Streamer process is not running or has stalled. Launching new continuous stream worker...
🚀 Started continuous stream worker with PID: 611889
✅ HTML Player updated with latest GDrive data.
✅ Paperclip Dashboard live progress synced.
============================================================
🔄 O9O.NET 2-3 MINUTE WATCHDOG & CONTINUOUS SCRAPER RUNNER
============================================================
⚡ Streamer process is not running or has stalled. Launching new continuous stream worker...
🚀 Started continuous stream worker with PID: 625455
✅ HTML Player updated with latest GDrive data.
✅ Paperclip Dashboard live progress synced.
============================================================
🔄 O9O.NET 2-3 MINUTE WATCHDOG & CONTINUOUS SCRAPER RUNNER
============================================================
⚡ Streamer process is not running or has stalled. Launching new continuous stream worker...
🚀 Started continuous stream worker with PID: 639011
✅ HTML Player updated with latest GDrive data.
✅ Paperclip Dashboard live progress synced.
============================================================
🔄 O9O.NET 2-3 MINUTE WATCHDOG & CONTINUOUS SCRAPER RUNNER
============================================================
⚡ Streamer process is not running or has stalled. Launching new continuous stream worker...
🚀 Started continuous stream worker with PID: 652519
✅ HTML Player updated with latest GDrive data.
✅ Paperclip Dashboard live progress synced.
============================================================
🔄 O9O.NET 2-3 MINUTE WATCHDOG & CONTINUOUS SCRAPER RUNNER
============================================================
⚡ Streamer process is not running or has stalled. Launching new continuous stream worker...
🚀 Started continuous stream worker with PID: 666260
✅ HTML Player updated with latest GDrive data.
✅ Paperclip Dashboard live progress synced.
============================================================
🔄 O9O.NET 2-3 MINUTE WATCHDOG & 24/7 DAEMON RUNNER
============================================================
🔌 Apps Script Webhook Relay (Port 8088) is not running. Launching daemon...
🚀 Started Apps Script Relay with PID: 679878
🌐 Ngrok Tunnel (compare-phosphate-hug.ngrok-free.dev) is not running. Launching daemon...
🚀 Started Ngrok Tunnel daemon with PID: 679880
⚡ Streamer process is not running or has stalled. Launching new continuous stream worker...
🚀 Started continuous stream worker with PID: 679884
✅ HTML Player updated with latest GDrive data.
✅ Paperclip Dashboard live progress synced.
============================================================
🔄 O9O.NET 2-3 MINUTE WATCHDOG & 24/7 DAEMON RUNNER
============================================================
🔌 Apps Script Webhook Relay (Port 8088) is not running. Launching daemon...
🚀 Started Apps Script Relay with PID: 693478
🌐 Ngrok Tunnel (compare-phosphate-hug.ngrok-free.dev) is not running. Launching daemon...
🚀 Started Ngrok Tunnel daemon with PID: 693480
⚡ Streamer process is not running or has stalled. Launching new continuous stream worker...
🚀 Started continuous stream worker with PID: 693485
✅ HTML Player updated with latest GDrive data.
✅ Paperclip Dashboard live progress synced.
============================================================
🔄 O9O.NET 2-3 MINUTE WATCHDOG & 24/7 DAEMON RUNNER
============================================================
⚡ Streamer process is not running or has stalled. Launching new continuous stream worker...
🚀 Started continuous stream worker with PID: 707118
✅ HTML Player updated with latest GDrive data.
✅ Paperclip Dashboard live progress synced.
============================================================
🔄 O9O.NET 2-3 MINUTE WATCHDOG & 24/7 DAEMON RUNNER
============================================================
⚡ Streamer process is not running or has stalled. Launching new continuous stream worker...
🚀 Started continuous stream worker with PID: 720777
✅ HTML Player updated with latest GDrive data.
✅ Paperclip Dashboard live progress synced.
